# JRE version: Java(TM) SE Runtime Environment (8.0_241-b07) (build 1.8.0_241-b07)
# Java VM: Java HotSpot(TM) 64-Bit Server VM (25.241-b07 mixed mode windows-amd64 compressed oops)
Heap:
 PSYoungGen      total 288256K, used 148018K [0x00000000d6f00000, 0x00000000e9a80000, 0x0000000100000000)
  eden space 276480K, 49% used [0x00000000d6f00000,0x00000000df41d960,0x00000000e7d00000)
  from space 11776K, 99% used [0x00000000e8f00000,0x00000000e9a6f028,0x00000000e9a80000)
  to   space 14848K, 0% used [0x00000000e7d80000,0x00000000e7d80000,0x00000000e8c00000)
 ParOldGen       total 77824K, used 15724K [0x0000000084c00000, 0x0000000089800000, 0x00000000d6f00000)
  object space 77824K, 20% used [0x0000000084c00000,0x0000000085b5b2b0,0x0000000089800000)
 Metaspace       used 54518K, capacity 56662K, committed 56960K, reserved 1097728K
  class space    used 7537K, capacity 7978K, committed 8064K, reserved 1048576K
GC Heap History (10 events):
Event: 3.729 GC heap before
{Heap before GC invocations=8 (full 1):
 PSYoungGen      total 137728K, used 126976K [0x00000000d6f00000, 0x00000000e0000000, 0x0000000100000000)
  eden space 126976K, 100% used [0x00000000d6f00000,0x00000000deb00000,0x00000000deb00000)
  from space 10752K, 0% used [0x00000000df580000,0x00000000df580000,0x00000000e0000000)
  to   space 10752K, 0% used [0x00000000deb00000,0x00000000deb00000,0x00000000df580000)
 ParOldGen       total 52224K, used 6757K [0x0000000084c00000, 0x0000000087f00000, 0x00000000d6f00000)
  object space 52224K, 12% used [0x0000000084c00000,0x00000000852995b8,0x0000000087f00000)
 Metaspace       used 24272K, capacity 25216K, committed 25472K, reserved 1071104K
  class space    used 3153K, capacity 3386K, committed 3456K, reserved 1048576K
Event: 3.736 GC heap after
Heap after GC invocations=8 (full 1):
 PSYoungGen      total 137728K, used 6447K [0x00000000d6f00000, 0x00000000e5300000, 0x0000000100000000)
  eden space 126976K, 0% used [0x00000000d6f00000,0x00000000d6f00000,0x00000000deb00000)
  from space 10752K, 59% used [0x00000000deb00000,0x00000000df14bde0,0x00000000df580000)
  to   space 10752K, 0% used [0x00000000e4880000,0x00000000e4880000,0x00000000e5300000)
 ParOldGen       total 52224K, used 6765K [0x0000000084c00000, 0x0000000087f00000, 0x00000000d6f00000)
  object space 52224K, 12% used [0x0000000084c00000,0x000000008529b5b8,0x0000000087f00000)
 Metaspace       used 24272K, capacity 25216K, committed 25472K, reserved 1071104K
  class space    used 3153K, capacity 3386K, committed 3456K, reserved 1048576K
}
Event: 5.005 GC heap before
{Heap before GC invocations=9 (full 1):
 PSYoungGen      total 137728K, used 133423K [0x00000000d6f00000, 0x00000000e5300000, 0x0000000100000000)
  eden space 126976K, 100% used [0x00000000d6f00000,0x00000000deb00000,0x00000000deb00000)
  from space 10752K, 59% used [0x00000000deb00000,0x00000000df14bde0,0x00000000df580000)
  to   space 10752K, 0% used [0x00000000e4880000,0x00000000e4880000,0x00000000e5300000)
 ParOldGen       total 52224K, used 6765K [0x0000000084c00000, 0x0000000087f00000, 0x00000000d6f00000)
  object space 52224K, 12% used [0x0000000084c00000,0x000000008529b5b8,0x0000000087f00000)
 Metaspace       used 28901K, capacity 30280K, committed 30336K, reserved 1075200K
  class space    used 3916K, capacity 4205K, committed 4224K, reserved 1048576K
Event: 5.020 GC heap after
Heap after GC invocations=9 (full 1):
 PSYoungGen      total 217600K, used 10729K [0x00000000d6f00000, 0x00000000e5300000, 0x0000000100000000)
  eden space 206848K, 0% used [0x00000000d6f00000,0x00000000d6f00000,0x00000000e3900000)
  from space 10752K, 99% used [0x00000000e4880000,0x00000000e52fa4f0,0x00000000e5300000)
  to   space 12800K, 0% used [0x00000000e3a00000,0x00000000e3a00000,0x00000000e4680000)
 ParOldGen       total 52224K, used 8262K [0x0000000084c00000, 0x0000000087f00000, 0x00000000d6f00000)
  object space 52224K, 15% used [0x0000000084c00000,0x0000000085411940,0x0000000087f00000)
 Metaspace       used 28901K, capacity 30280K, committed 30336K, reserved 1075200K
  class space    used 3916K, capacity 4205K, committed 4224K, reserved 1048576K
}
Event: 6.263 GC heap before
{Heap before GC invocations=10 (full 1):
 PSYoungGen      total 217600K, used 84535K [0x00000000d6f00000, 0x00000000e5300000, 0x0000000100000000)
  eden space 206848K, 35% used [0x00000000d6f00000,0x00000000db713860,0x00000000e3900000)
  from space 10752K, 99% used [0x00000000e4880000,0x00000000e52fa4f0,0x00000000e5300000)
  to   space 12800K, 0% used [0x00000000e3a00000,0x00000000e3a00000,0x00000000e4680000)
 ParOldGen       total 52224K, used 8262K [0x0000000084c00000, 0x0000000087f00000, 0x00000000d6f00000)
  object space 52224K, 15% used [0x0000000084c00000,0x0000000085411940,0x0000000087f00000)
 Metaspace       used 33495K, capacity 35334K, committed 35456K, reserved 1079296K
  class space    used 4525K, capacity 4871K, committed 4992K, reserved 1048576K
Event: 6.281 GC heap after
Heap after GC invocations=10 (full 1):
 PSYoungGen      total 220672K, used 11265K [0x00000000d6f00000, 0x00000000e9c80000, 0x0000000100000000)
  eden space 207872K, 0% used [0x00000000d6f00000,0x00000000d6f00000,0x00000000e3a00000)
  from space 12800K, 88% used [0x00000000e3a00000,0x00000000e4500798,0x00000000e4680000)
  to   space 13824K, 0% used [0x00000000e8f00000,0x00000000e8f00000,0x00000000e9c80000)
 ParOldGen       total 52224K, used 8270K [0x0000000084c00000, 0x0000000087f00000, 0x00000000d6f00000)
  object space 52224K, 15% used [0x0000000084c00000,0x0000000085413940,0x0000000087f00000)
 Metaspace       used 33495K, capacity 35334K, committed 35456K, reserved 1079296K
  class space    used 4525K, capacity 4871K, committed 4992K, reserved 1048576K
}
Event: 6.281 GC heap before
{Heap before GC invocations=11 (full 2):
 PSYoungGen      total 220672K, used 11265K [0x00000000d6f00000, 0x00000000e9c80000, 0x0000000100000000)
  eden space 207872K, 0% used [0x00000000d6f00000,0x00000000d6f00000,0x00000000e3a00000)
  from space 12800K, 88% used [0x00000000e3a00000,0x00000000e4500798,0x00000000e4680000)
  to   space 13824K, 0% used [0x00000000e8f00000,0x00000000e8f00000,0x00000000e9c80000)
 ParOldGen       total 52224K, used 8270K [0x0000000084c00000, 0x0000000087f00000, 0x00000000d6f00000)
  object space 52224K, 15% used [0x0000000084c00000,0x0000000085413940,0x0000000087f00000)
 Metaspace       used 33495K, capacity 35334K, committed 35456K, reserved 1079296K
  class space    used 4525K, capacity 4871K, committed 4992K, reserved 1048576K
Event: 6.352 GC heap after
Heap after GC invocations=11 (full 2):
 PSYoungGen      total 220672K, used 0K [0x00000000d6f00000, 0x00000000e9c80000, 0x0000000100000000)
  eden space 207872K, 0% used [0x00000000d6f00000,0x00000000d6f00000,0x00000000e3a00000)
  from space 12800K, 0% used [0x00000000e3a00000,0x00000000e3a00000,0x00000000e4680000)
  to   space 13824K, 0% used [0x00000000e8f00000,0x00000000e8f00000,0x00000000e9c80000)
 ParOldGen       total 77824K, used 15716K [0x0000000084c00000, 0x0000000089800000, 0x00000000d6f00000)
  object space 77824K, 20% used [0x0000000084c00000,0x0000000085b592b0,0x0000000089800000)
 Metaspace       used 33495K, capacity 35334K, committed 35456K, reserved 1079296K
  class space    used 4525K, capacity 4871K, committed 4992K, reserved 1048576K
}
Event: 7.918 GC heap before
{Heap before GC invocations=12 (full 2):
 PSYoungGen      total 220672K, used 207872K [0x00000000d6f00000, 0x00000000e9c80000, 0x0000000100000000)
  eden space 207872K, 100% used [0x00000000d6f00000,0x00000000e3a00000,0x00000000e3a00000)
  from space 12800K, 0% used [0x00000000e3a00000,0x00000000e3a00000,0x00000000e4680000)
  to   space 13824K, 0% used [0x00000000e8f00000,0x00000000e8f00000,0x00000000e9c80000)
 ParOldGen       total 77824K, used 15716K [0x0000000084c00000, 0x0000000089800000, 0x00000000d6f00000)
  object space 77824K, 20% used [0x0000000084c00000,0x0000000085b592b0,0x0000000089800000)
 Metaspace       used 40443K, capacity 42382K, committed 42752K, reserved 1085440K
  class space    used 5473K, capacity 5840K, committed 5888K, reserved 1048576K
Event: 7.934 GC heap after
Heap after GC invocations=12 (full 2):
 PSYoungGen      total 288256K, used 11708K [0x00000000d6f00000, 0x00000000e9a80000, 0x0000000100000000)
  eden space 276480K, 0% used [0x00000000d6f00000,0x00000000d6f00000,0x00000000e7d00000)
  from space 11776K, 99% used [0x00000000e8f00000,0x00000000e9a6f028,0x00000000e9a80000)
  to   space 14848K, 0% used [0x00000000e7d80000,0x00000000e7d80000,0x00000000e8c00000)
 ParOldGen       total 77824K, used 15724K [0x0000000084c00000, 0x0000000089800000, 0x00000000d6f00000)
  object space 77824K, 20% used [0x0000000084c00000,0x0000000085b5b2b0,0x0000000089800000)
 Metaspace       used 40443K, capacity 42382K, committed 42752K, reserved 1085440K
  class space    used 5473K, capacity 5840K, committed 5888K, reserved 1048576K
}

