# JRE version: Java(TM) SE Runtime Environment (8.0_241-b07) (build 1.8.0_241-b07)
# Java VM: Java HotSpot(TM) 64-Bit Server VM (25.241-b07 mixed mode windows-amd64 compressed oops)
Heap:
 PSYoungGen      total 237056K, used 214312K [0x00000000d6f00000, 0x00000000e6300000, 0x0000000100000000)
  eden space 224256K, 95% used [0x00000000d6f00000,0x00000000e404a3d8,0x00000000e4a00000)
  from space 12800K, 0% used [0x00000000e4a00000,0x00000000e4a00000,0x00000000e5680000)
  to   space 10240K, 0% used [0x00000000e5780000,0x00000000e5780000,0x00000000e6180000)
 ParOldGen       total 70144K, used 15686K [0x0000000084c00000, 0x0000000089080000, 0x00000000d6f00000)
  object space 70144K, 22% used [0x0000000084c00000,0x0000000085b51b30,0x0000000089080000)
 Metaspace       used 41336K, capacity 43316K, committed 43648K, reserved 1087488K
  class space    used 5635K, capacity 6011K, committed 6016K, reserved 1048576K
GC Heap History (10 events):
Event: 5.748 GC heap before
{Heap before GC invocations=7 (full 1):
 PSYoungGen      total 137728K, used 7003K [0x00000000d6f00000, 0x00000000e0000000, 0x0000000100000000)
  eden space 126976K, 0% used [0x00000000d6f00000,0x00000000d6f00000,0x00000000deb00000)
  from space 10752K, 65% used [0x00000000df580000,0x00000000dfc56d18,0x00000000e0000000)
  to   space 10752K, 0% used [0x00000000deb00000,0x00000000deb00000,0x00000000df580000)
 ParOldGen       total 84992K, used 6486K [0x0000000084c00000, 0x0000000089f00000, 0x00000000d6f00000)
  object space 84992K, 7% used [0x0000000084c00000,0x0000000085255aa8,0x0000000089f00000)
 Metaspace       used 20609K, capacity 21198K, committed 21296K, reserved 1067008K
  class space    used 2695K, capacity 2859K, committed 2944K, reserved 1048576K
Event: 5.789 GC heap after
Heap after GC invocations=7 (full 1):
 PSYoungGen      total 137728K, used 0K [0x00000000d6f00000, 0x00000000e0000000, 0x0000000100000000)
  eden space 126976K, 0% used [0x00000000d6f00000,0x00000000d6f00000,0x00000000deb00000)
  from space 10752K, 0% used [0x00000000df580000,0x00000000df580000,0x00000000e0000000)
  to   space 10752K, 0% used [0x00000000deb00000,0x00000000deb00000,0x00000000df580000)
 ParOldGen       total 48640K, used 6764K [0x0000000084c00000, 0x0000000087b80000, 0x00000000d6f00000)
  object space 48640K, 13% used [0x0000000084c00000,0x000000008529b200,0x0000000087b80000)
 Metaspace       used 20607K, capacity 21192K, committed 21296K, reserved 1067008K
  class space    used 2695K, capacity 2858K, committed 2944K, reserved 1048576K
}
Event: 7.690 GC heap before
{Heap before GC invocations=8 (full 1):
 PSYoungGen      total 137728K, used 126976K [0x00000000d6f00000, 0x00000000e0000000, 0x0000000100000000)
  eden space 126976K, 100% used [0x00000000d6f00000,0x00000000deb00000,0x00000000deb00000)
  from space 10752K, 0% used [0x00000000df580000,0x00000000df580000,0x00000000e0000000)
  to   space 10752K, 0% used [0x00000000deb00000,0x00000000deb00000,0x00000000df580000)
 ParOldGen       total 48640K, used 6764K [0x0000000084c00000, 0x0000000087b80000, 0x00000000d6f00000)
  object space 48640K, 13% used [0x0000000084c00000,0x000000008529b200,0x0000000087b80000)
 Metaspace       used 24272K, capacity 25220K, committed 25472K, reserved 1071104K
  class space    used 3162K, capacity 3386K, committed 3456K, reserved 1048576K
Event: 7.699 GC heap after
Heap after GC invocations=8 (full 1):
 PSYoungGen      total 137728K, used 6409K [0x00000000d6f00000, 0x00000000e6180000, 0x0000000100000000)
  eden space 126976K, 0% used [0x00000000d6f00000,0x00000000d6f00000,0x00000000deb00000)
  from space 10752K, 59% used [0x00000000deb00000,0x00000000df142458,0x00000000df580000)
  to   space 10240K, 0% used [0x00000000e5780000,0x00000000e5780000,0x00000000e6180000)
 ParOldGen       total 48640K, used 6764K [0x0000000084c00000, 0x0000000087b80000, 0x00000000d6f00000)
  object space 48640K, 13% used [0x0000000084c00000,0x000000008529b200,0x0000000087b80000)
 Metaspace       used 24272K, capacity 25220K, committed 25472K, reserved 1071104K
  class space    used 3162K, capacity 3386K, committed 3456K, reserved 1048576K
}
Event: 9.365 GC heap before
{Heap before GC invocations=9 (full 1):
 PSYoungGen      total 137728K, used 133385K [0x00000000d6f00000, 0x00000000e6180000, 0x0000000100000000)
  eden space 126976K, 100% used [0x00000000d6f00000,0x00000000deb00000,0x00000000deb00000)
  from space 10752K, 59% used [0x00000000deb00000,0x00000000df142458,0x00000000df580000)
  to   space 10240K, 0% used [0x00000000e5780000,0x00000000e5780000,0x00000000e6180000)
 ParOldGen       total 48640K, used 6764K [0x0000000084c00000, 0x0000000087b80000, 0x00000000d6f00000)
  object space 48640K, 13% used [0x0000000084c00000,0x000000008529b200,0x0000000087b80000)
 Metaspace       used 28971K, capacity 30340K, committed 30592K, reserved 1075200K
  class space    used 3930K, capacity 4205K, committed 4224K, reserved 1048576K
Event: 9.384 GC heap after
Heap after GC invocations=9 (full 1):
 PSYoungGen      total 234496K, used 10209K [0x00000000d6f00000, 0x00000000e6300000, 0x0000000100000000)
  eden space 224256K, 0% used [0x00000000d6f00000,0x00000000d6f00000,0x00000000e4a00000)
  from space 10240K, 99% used [0x00000000e5780000,0x00000000e6178618,0x00000000e6180000)
  to   space 12800K, 0% used [0x00000000e4a00000,0x00000000e4a00000,0x00000000e5680000)
 ParOldGen       total 48640K, used 8812K [0x0000000084c00000, 0x0000000087b80000, 0x00000000d6f00000)
  object space 48640K, 18% used [0x0000000084c00000,0x000000008549b2f8,0x0000000087b80000)
 Metaspace       used 28971K, capacity 30340K, committed 30592K, reserved 1075200K
  class space    used 3930K, capacity 4205K, committed 4224K, reserved 1048576K
}
Event: 11.299 GC heap before
{Heap before GC invocations=10 (full 1):
 PSYoungGen      total 234496K, used 81538K [0x00000000d6f00000, 0x00000000e6300000, 0x0000000100000000)
  eden space 224256K, 31% used [0x00000000d6f00000,0x00000000db4a84c0,0x00000000e4a00000)
  from space 10240K, 99% used [0x00000000e5780000,0x00000000e6178618,0x00000000e6180000)
  to   space 12800K, 0% used [0x00000000e4a00000,0x00000000e4a00000,0x00000000e5680000)
 ParOldGen       total 48640K, used 8812K [0x0000000084c00000, 0x0000000087b80000, 0x00000000d6f00000)
  object space 48640K, 18% used [0x0000000084c00000,0x000000008549b2f8,0x0000000087b80000)
 Metaspace       used 33555K, capacity 35334K, committed 35456K, reserved 1079296K
  class space    used 4528K, capacity 4871K, committed 4992K, reserved 1048576K
Event: 11.317 GC heap after
Heap after GC invocations=10 (full 1):
 PSYoungGen      total 237056K, used 11262K [0x00000000d6f00000, 0x00000000e6300000, 0x0000000100000000)
  eden space 224256K, 0% used [0x00000000d6f00000,0x00000000d6f00000,0x00000000e4a00000)
  from space 12800K, 87% used [0x00000000e4a00000,0x00000000e54ffb30,0x00000000e5680000)
  to   space 10240K, 0% used [0x00000000e5780000,0x00000000e5780000,0x00000000e6180000)
 ParOldGen       total 48640K, used 8812K [0x0000000084c00000, 0x0000000087b80000, 0x00000000d6f00000)
  object space 48640K, 18% used [0x0000000084c00000,0x000000008549b2f8,0x0000000087b80000)
 Metaspace       used 33555K, capacity 35334K, committed 35456K, reserved 1079296K
  class space    used 4528K, capacity 4871K, committed 4992K, reserved 1048576K
}
Event: 11.317 GC heap before
{Heap before GC invocations=11 (full 2):
 PSYoungGen      total 237056K, used 11262K [0x00000000d6f00000, 0x00000000e6300000, 0x0000000100000000)
  eden space 224256K, 0% used [0x00000000d6f00000,0x00000000d6f00000,0x00000000e4a00000)
  from space 12800K, 87% used [0x00000000e4a00000,0x00000000e54ffb30,0x00000000e5680000)
  to   space 10240K, 0% used [0x00000000e5780000,0x00000000e5780000,0x00000000e6180000)
 ParOldGen       total 48640K, used 8812K [0x0000000084c00000, 0x0000000087b80000, 0x00000000d6f00000)
  object space 48640K, 18% used [0x0000000084c00000,0x000000008549b2f8,0x0000000087b80000)
 Metaspace       used 33555K, capacity 35334K, committed 35456K, reserved 1079296K
  class space    used 4528K, capacity 4871K, committed 4992K, reserved 1048576K
Event: 11.391 GC heap after
Heap after GC invocations=11 (full 2):
 PSYoungGen      total 237056K, used 0K [0x00000000d6f00000, 0x00000000e6300000, 0x0000000100000000)
  eden space 224256K, 0% used [0x00000000d6f00000,0x00000000d6f00000,0x00000000e4a00000)
  from space 12800K, 0% used [0x00000000e4a00000,0x00000000e4a00000,0x00000000e5680000)
  to   space 10240K, 0% used [0x00000000e5780000,0x00000000e5780000,0x00000000e6180000)
 ParOldGen       total 70144K, used 15686K [0x0000000084c00000, 0x0000000089080000, 0x00000000d6f00000)
  object space 70144K, 22% used [0x0000000084c00000,0x0000000085b51b30,0x0000000089080000)
 Metaspace       used 33555K, capacity 35334K, committed 35456K, reserved 1079296K
  class space    used 4528K, capacity 4871K, committed 4992K, reserved 1048576K
}

